0 info it worked if it ends with ok
1 verbose cli [ 'node',
1 verbose cli   '/usr/local/bin/npm',
1 verbose cli   'install',
1 verbose cli   '-g',
1 verbose cli   'browserify-adventure' ]
2 info using npm@2.1.18
3 info using node@v0.10.35
4 silly cache add args [ 'browserify-adventure', null ]
5 verbose cache add spec browserify-adventure
6 silly cache add parsed spec { raw: 'browserify-adventure',
6 silly cache add   scope: null,
6 silly cache add   name: 'browserify-adventure',
6 silly cache add   rawSpec: '',
6 silly cache add   spec: '*',
6 silly cache add   type: 'range' }
7 verbose addNamed browserify-adventure@*
8 silly addNamed semver.valid null
9 silly addNamed semver.validRange *
10 silly addNameRange { name: 'browserify-adventure', range: '*', hasData: false }
11 silly mapToRegistry name browserify-adventure
12 silly mapToRegistry using default registry
13 silly mapToRegistry registry https://registry.npmjs.org/
14 silly mapToRegistry uri https://registry.npmjs.org/browserify-adventure
15 verbose addNameRange registry:https://registry.npmjs.org/browserify-adventure not in flight; fetching
16 verbose request uri https://registry.npmjs.org/browserify-adventure
17 verbose request no auth needed
18 info attempt registry request try #1 at 16:41:05
19 verbose request id e28fbd6408747f68
20 http request GET https://registry.npmjs.org/browserify-adventure
21 http 200 https://registry.npmjs.org/browserify-adventure
22 silly get cb [ 200,
22 silly get   { date: 'Tue, 20 Jan 2015 22:41:05 GMT',
22 silly get     server: 'CouchDB/1.5.0 (Erlang OTP/R16B03)',
22 silly get     etag: '"7LDHS2HGPZOWFLFD9FTTJ4ASQ"',
22 silly get     'content-type': 'application/json',
22 silly get     'cache-control': 'max-age=60',
22 silly get     'content-length': '22827',
22 silly get     'accept-ranges': 'bytes',
22 silly get     via: '1.1 varnish',
22 silly get     age: '0',
22 silly get     'x-served-by': 'cache-iad2139-IAD',
22 silly get     'x-cache': 'MISS',
22 silly get     'x-cache-hits': '0',
22 silly get     'x-timer': 'S1421793665.710691,VS0,VE235',
22 silly get     vary: 'Accept',
22 silly get     'keep-alive': 'timeout=10, max=50',
22 silly get     connection: 'Keep-Alive' } ]
23 silly addNameRange number 2 { name: 'browserify-adventure', range: '*', hasData: true }
24 silly addNameRange versions [ 'browserify-adventure',
24 silly addNameRange   [ '1.0.0',
24 silly addNameRange     '1.1.0',
24 silly addNameRange     '1.2.0',
24 silly addNameRange     '1.3.0',
24 silly addNameRange     '1.4.0',
24 silly addNameRange     '1.5.0',
24 silly addNameRange     '1.6.0',
24 silly addNameRange     '1.6.1',
24 silly addNameRange     '1.6.2',
24 silly addNameRange     '1.7.0',
24 silly addNameRange     '1.7.1',
24 silly addNameRange     '1.7.2',
24 silly addNameRange     '1.7.3',
24 silly addNameRange     '1.7.4' ] ]
25 verbose addNamed browserify-adventure@1.7.4
26 silly addNamed semver.valid 1.7.4
27 silly addNamed semver.validRange 1.7.4
28 silly mapToRegistry name browserify-adventure
29 silly mapToRegistry using default registry
30 silly mapToRegistry registry https://registry.npmjs.org/
31 silly mapToRegistry uri https://registry.npmjs.org/browserify-adventure
32 verbose addRemoteTarball https://registry.npmjs.org/browserify-adventure/-/browserify-adventure-1.7.4.tgz not in flight; adding
33 verbose addRemoteTarball [ 'https://registry.npmjs.org/browserify-adventure/-/browserify-adventure-1.7.4.tgz',
33 verbose addRemoteTarball   '1a5ebada2291981afb6213b061bc8db9f297d6a2' ]
34 info retry fetch attempt 1 at 16:41:06
35 info attempt registry request try #1 at 16:41:06
36 http fetch GET https://registry.npmjs.org/browserify-adventure/-/browserify-adventure-1.7.4.tgz
37 http fetch 200 https://registry.npmjs.org/browserify-adventure/-/browserify-adventure-1.7.4.tgz
38 silly fetchAndShaCheck shasum 1a5ebada2291981afb6213b061bc8db9f297d6a2
39 verbose addTmpTarball /var/folders/8v/s8mldnz571qb7v0w09__vv540000gq/T/npm-7498-a462a310/registry.npmjs.org/browserify-adventure/-/browserify-adventure-1.7.4.tgz not in flight; adding
40 verbose addTmpTarball already have metadata; skipping unpack for browserify-adventure@1.7.4
41 silly cache afterAdd browserify-adventure@1.7.4
42 verbose afterAdd /Users/kplunkett/.npm/browserify-adventure/1.7.4/package/package.json not in flight; writing
43 verbose afterAdd /Users/kplunkett/.npm/browserify-adventure/1.7.4/package/package.json written
44 silly install resolved [ { name: 'browserify-adventure',
44 silly install resolved     version: '1.7.4',
44 silly install resolved     description: 'learn browserify with this educational adventure',
44 silly install resolved     main: 'index.js',
44 silly install resolved     bin: { 'browserify-adventure': 'bin/cmd.js' },
44 silly install resolved     dependencies:
44 silly install resolved      { adventure: '^2.5.0',
44 silly install resolved        'adventure-verify': '^2.1.1',
44 silly install resolved        'browser-unpack': '^1.0.0',
44 silly install resolved        'concat-stream': '^1.4.6',
44 silly install resolved        ecstatic: '~0.5.4',
44 silly install resolved        falafel: '~0.3.1',
44 silly install resolved        shoe: '~0.0.15',
44 silly install resolved        split: '~0.3.0',
44 silly install resolved        through2: '~0.5.1',
44 silly install resolved        ever: '~0.0.3',
44 silly install resolved        colornames: '~0.0.2' },
44 silly install resolved     devDependencies:
44 silly install resolved      { brfs: '^1.1.2',
44 silly install resolved        browserify: '^5.10.0',
44 silly install resolved        'browserify-shim': '^3.6.0',
44 silly install resolved        domify: '^1.2.2',
44 silly install resolved        'quote-stream': '0.0.0',
44 silly install resolved        sprintf: '~0.1.3',
44 silly install resolved        'stream-combiner2': '^1.0.0',
44 silly install resolved        tape: '^2.13.3',
44 silly install resolved        uniq: '^1.0.1',
44 silly install resolved        through2: '~0.5.1',
44 silly install resolved        'insert-css': '~0.2.0',
44 silly install resolved        inherits: '^2.0.1' },
44 silly install resolved     scripts: { test: 'node test/solutions.js' },
44 silly install resolved     repository:
44 silly install resolved      { type: 'git',
44 silly install resolved        url: 'git://github.com/substack/browserify-adventure.git' },
44 silly install resolved     homepage: 'https://github.com/substack/browserify-adventure',
44 silly install resolved     keywords:
44 silly install resolved      [ 'browserify',
44 silly install resolved        'education',
44 silly install resolved        'nodeschool',
44 silly install resolved        'workshop',
44 silly install resolved        'edutainment' ],
44 silly install resolved     author:
44 silly install resolved      { name: 'James Halliday',
44 silly install resolved        email: 'mail@substack.net',
44 silly install resolved        url: 'http://substack.net' },
44 silly install resolved     license: 'MIT',
44 silly install resolved     gitHead: '79d5ea0447287bca1c43ecd5a83a2360d1d7a270',
44 silly install resolved     bugs: { url: 'https://github.com/substack/browserify-adventure/issues' },
44 silly install resolved     _id: 'browserify-adventure@1.7.4',
44 silly install resolved     _shasum: '1a5ebada2291981afb6213b061bc8db9f297d6a2',
44 silly install resolved     _from: 'browserify-adventure@*',
44 silly install resolved     _npmVersion: '1.4.23',
44 silly install resolved     _npmUser: { name: 'substack', email: 'mail@substack.net' },
44 silly install resolved     maintainers: [ [Object] ],
44 silly install resolved     dist:
44 silly install resolved      { shasum: '1a5ebada2291981afb6213b061bc8db9f297d6a2',
44 silly install resolved        tarball: 'http://registry.npmjs.org/browserify-adventure/-/browserify-adventure-1.7.4.tgz' },
44 silly install resolved     directories: {},
44 silly install resolved     _resolved: 'https://registry.npmjs.org/browserify-adventure/-/browserify-adventure-1.7.4.tgz' } ]
45 info install browserify-adventure@1.7.4 into /usr/local/lib
46 info installOne browserify-adventure@1.7.4
47 verbose installOne of browserify-adventure to /usr/local/lib not in flight; installing
48 warn locking Error: EACCES, open '/Users/kplunkett/.npm/_locks/browserify-adventure-15368d5287e4fe68.lock'
48 warn locking  /Users/kplunkett/.npm/_locks/browserify-adventure-15368d5287e4fe68.lock failed { [Error: EACCES, open '/Users/kplunkett/.npm/_locks/browserify-adventure-15368d5287e4fe68.lock']
48 warn locking   errno: 3,
48 warn locking   code: 'EACCES',
48 warn locking   path: '/Users/kplunkett/.npm/_locks/browserify-adventure-15368d5287e4fe68.lock' }
49 verbose stack Error: Attempt to unlock /usr/local/lib/node_modules/browserify-adventure, which hasn't been locked
49 verbose stack     at unlock (/usr/local/lib/node_modules/npm/lib/utils/locker.js:66:11)
49 verbose stack     at cb (/usr/local/lib/node_modules/npm/lib/install.js:929:5)
49 verbose stack     at /usr/local/lib/node_modules/npm/lib/install.js:933:20
49 verbose stack     at /usr/local/lib/node_modules/npm/lib/utils/locker.js:40:9
49 verbose stack     at cb (/usr/local/lib/node_modules/npm/node_modules/lockfile/lockfile.js:149:38)
49 verbose stack     at /usr/local/lib/node_modules/npm/node_modules/lockfile/lockfile.js:177:38
49 verbose stack     at Object.oncomplete (fs.js:108:15)
50 verbose cwd /Users/kplunkett/Documents/repositories/lazer-cats
51 error Darwin 14.0.0
52 error argv "node" "/usr/local/bin/npm" "install" "-g" "browserify-adventure"
53 error node v0.10.35
54 error npm  v2.1.18
55 error Attempt to unlock /usr/local/lib/node_modules/browserify-adventure, which hasn't been locked
56 error If you need help, you may report this error at:
56 error     <http://github.com/npm/npm/issues>
57 verbose exit [ 1, true ]
